
 Performance counter stats for 'mpirun -host instance-1,instance-2 ./mandelbrot_mpi -0.188 -0.012 0.554 0.754 8192' (10 runs):

      61721.063882      task-clock (msec)         #    0.970 CPUs utilized            ( +-  0.33% )
               250      context-switches          #    0.004 K/sec                    ( +-  1.08% )
                 8      cpu-migrations            #    0.000 K/sec                    ( +- 12.19% )
            690269      page-faults               #    0.011 M/sec                    ( +-  0.00% )
   <not supported>      cycles                   
   <not supported>      stalled-cycles-frontend  
   <not supported>      stalled-cycles-backend   
   <not supported>      instructions             
   <not supported>      branches                 
   <not supported>      branch-misses            

      63.647530215 seconds time elapsed                                          ( +-  0.37% )


 Performance counter stats for 'mpirun -host instance-1,instance-2 ./mandelbrot_mpi_omp -0.188 -0.012 0.554 0.754 4 8192' (10 runs):

     104053.018572      task-clock (msec)         #    1.774 CPUs utilized            ( +-  0.12% )
               410      context-switches          #    0.004 K/sec                    ( +-  1.93% )
                14      cpu-migrations            #    0.000 K/sec                    ( +-  4.99% )
            690279      page-faults               #    0.007 M/sec                    ( +-  0.00% )
   <not supported>      cycles                   
   <not supported>      stalled-cycles-frontend  
   <not supported>      stalled-cycles-backend   
   <not supported>      instructions             
   <not supported>      branches                 
   <not supported>      branch-misses            

      58.663263834 seconds time elapsed                                          ( +-  0.26% )

