
 Performance counter stats for './mandelbrot_seq 0.175 0.375 -0.100 0.100 8192' (10 runs):

      92971.807022      task-clock (msec)         #    0.989 CPUs utilized            ( +-  0.10% )
               183      context-switches          #    0.002 K/sec                    ( +-  1.21% )
                 0      cpu-migrations            #    0.000 K/sec                    ( +- 66.67% )
            655410      page-faults               #    0.007 M/sec                    ( +-  0.00% )
   <not supported>      cycles                   
   <not supported>      stalled-cycles-frontend  
   <not supported>      stalled-cycles-backend   
   <not supported>      instructions             
   <not supported>      branches                 
   <not supported>      branch-misses            

      94.047874427 seconds time elapsed                                          ( +-  0.13% )


 Performance counter stats for 'mpirun -host instance-1 ./mandelbrot_mpi_omp 0.175 0.375 -0.100 0.100 8 8192' (10 runs):

     112099.299185      task-clock (msec)         #    5.866 CPUs utilized            ( +-  0.31% )
               347      context-switches          #    0.003 K/sec                    ( +-  1.63% )
                10      cpu-migrations            #    0.000 K/sec                    ( +-  2.97% )
            657105      page-faults               #    0.006 M/sec                    ( +-  0.00% )
   <not supported>      cycles                   
   <not supported>      stalled-cycles-frontend  
   <not supported>      stalled-cycles-backend   
   <not supported>      instructions             
   <not supported>      branches                 
   <not supported>      branch-misses            

      19.110517832 seconds time elapsed                                          ( +-  0.87% )

