
 Performance counter stats for './mandelbrot_seq -0.800 -0.700 0.050 0.150 8192' (10 runs):

      99120.139421      task-clock (msec)         #    0.989 CPUs utilized            ( +-  0.23% )
               209      context-switches          #    0.002 K/sec                    ( +-  6.31% )
                 5      cpu-migrations            #    0.000 K/sec                    ( +- 24.98% )
            655410      page-faults               #    0.007 M/sec                    ( +-  0.00% )
   <not supported>      cycles                   
   <not supported>      stalled-cycles-frontend  
   <not supported>      stalled-cycles-backend   
   <not supported>      instructions             
   <not supported>      branches                 
   <not supported>      branch-misses            

     100.198573290 seconds time elapsed                                          ( +-  0.28% )


 Performance counter stats for 'mpirun -host instance-1,instance-2,instance-3,instance-4 ./mandelbrot_mpi -0.800 -0.700 0.050 0.150 8192' (10 runs):

      33464.476041      task-clock (msec)         #    0.949 CPUs utilized            ( +-  0.82% )
               249      context-switches          #    0.007 K/sec                    ( +-  1.28% )
                25      cpu-migrations            #    0.001 K/sec                    ( +-  4.22% )
            674596      page-faults               #    0.020 M/sec                    ( +-  0.00% )
   <not supported>      cycles                   
   <not supported>      stalled-cycles-frontend  
   <not supported>      stalled-cycles-backend   
   <not supported>      instructions             
   <not supported>      branches                 
   <not supported>      branch-misses            

      35.261974513 seconds time elapsed                                          ( +-  0.82% )


 Performance counter stats for 'mpirun -host instance-1,instance-2,instance-3,instance-4 ./mandelbrot_mpi_omp -0.800 -0.700 0.050 0.150 2 8192' (10 runs):

      47978.236819      task-clock (msec)         #    1.317 CPUs utilized            ( +-  0.31% )
               499      context-switches          #    0.010 K/sec                    ( +- 26.36% )
                29      cpu-migrations            #    0.001 K/sec                    ( +- 15.46% )
            674595      page-faults               #    0.014 M/sec                    ( +-  0.00% )
   <not supported>      cycles                   
   <not supported>      stalled-cycles-frontend  
   <not supported>      stalled-cycles-backend   
   <not supported>      instructions             
   <not supported>      branches                 
   <not supported>      branch-misses            

      36.422035419 seconds time elapsed                                          ( +-  0.56% )

