
 Performance counter stats for './mandelbrot_seq -0.800 -0.700 0.050 0.150 2048':

       6146.268184      task-clock (msec)         #    1.000 CPUs utilized          
                11      context-switches          #    0.002 K/sec                  
                 0      cpu-migrations            #    0.000 K/sec                  
            41,011      page-faults               #    0.007 M/sec                  
   <not supported>      cycles                   
   <not supported>      stalled-cycles-frontend  
   <not supported>      stalled-cycles-backend   
   <not supported>      instructions             
   <not supported>      branches                 
   <not supported>      branch-misses            
   <not supported>      L1-dcache-loads          
   <not supported>      L1-dcache-load-misses    
   <not supported>      LLC-loads                
   <not supported>      LLC-load-misses          

       6.146788872 seconds time elapsed


 Performance counter stats for 'mpirun ./mandelbrot_mpi -0.800 -0.700 0.050 0.150 2048':

       6178.861735      task-clock (msec)         #    1.000 CPUs utilized          
                44      context-switches          #    0.007 K/sec                  
                 1      cpu-migrations            #    0.000 K/sec                  
            42,678      page-faults               #    0.007 M/sec                  
   <not supported>      cycles                   
   <not supported>      stalled-cycles-frontend  
   <not supported>      stalled-cycles-backend   
   <not supported>      instructions             
   <not supported>      branches                 
   <not supported>      branch-misses            
   <not supported>      L1-dcache-loads          
   <not supported>      L1-dcache-load-misses    
   <not supported>      LLC-loads                
   <not supported>      LLC-load-misses          

       6.179608752 seconds time elapsed


 Performance counter stats for 'mpirun ./mandelbrot_mpi_omp -0.800 -0.700 0.050 0.150 8 2048':

       6348.303640      task-clock (msec)         #    5.950 CPUs utilized          
                53      context-switches          #    0.008 K/sec                  
                 8      cpu-migrations            #    0.001 K/sec                  
            42,705      page-faults               #    0.007 M/sec                  
   <not supported>      cycles                   
   <not supported>      stalled-cycles-frontend  
   <not supported>      stalled-cycles-backend   
   <not supported>      instructions             
   <not supported>      branches                 
   <not supported>      branch-misses            
   <not supported>      L1-dcache-loads          
   <not supported>      L1-dcache-load-misses    
   <not supported>      LLC-loads                
   <not supported>      LLC-load-misses          

       1.066934497 seconds time elapsed

