
 Performance counter stats for './mandelbrot_seq -0.188 -0.012 0.554 0.754 2048':

       7016.452515      task-clock (msec)         #    1.000 CPUs utilized          
                12      context-switches          #    0.002 K/sec                  
                 0      cpu-migrations            #    0.000 K/sec                  
            41,011      page-faults               #    0.006 M/sec                  
   <not supported>      cycles                   
   <not supported>      stalled-cycles-frontend  
   <not supported>      stalled-cycles-backend   
   <not supported>      instructions             
   <not supported>      branches                 
   <not supported>      branch-misses            
   <not supported>      L1-dcache-loads          
   <not supported>      L1-dcache-load-misses    
   <not supported>      LLC-loads                
   <not supported>      LLC-load-misses          

       7.017085484 seconds time elapsed


 Performance counter stats for 'mpirun ./mandelbrot_mpi -0.188 -0.012 0.554 0.754 2048':

       6987.384040      task-clock (msec)         #    1.000 CPUs utilized          
                43      context-switches          #    0.006 K/sec                  
                 4      cpu-migrations            #    0.001 K/sec                  
            42,679      page-faults               #    0.006 M/sec                  
   <not supported>      cycles                   
   <not supported>      stalled-cycles-frontend  
   <not supported>      stalled-cycles-backend   
   <not supported>      instructions             
   <not supported>      branches                 
   <not supported>      branch-misses            
   <not supported>      L1-dcache-loads          
   <not supported>      L1-dcache-load-misses    
   <not supported>      LLC-loads                
   <not supported>      LLC-load-misses          

       6.987962173 seconds time elapsed


 Performance counter stats for 'mpirun ./mandelbrot_mpi_omp -0.188 -0.012 0.554 0.754 8 2048':

       7367.304442      task-clock (msec)         #    6.105 CPUs utilized          
                54      context-switches          #    0.007 K/sec                  
                13      cpu-migrations            #    0.002 K/sec                  
            42,701      page-faults               #    0.006 M/sec                  
   <not supported>      cycles                   
   <not supported>      stalled-cycles-frontend  
   <not supported>      stalled-cycles-backend   
   <not supported>      instructions             
   <not supported>      branches                 
   <not supported>      branch-misses            
   <not supported>      L1-dcache-loads          
   <not supported>      L1-dcache-load-misses    
   <not supported>      LLC-loads                
   <not supported>      LLC-load-misses          

       1.206820113 seconds time elapsed

